2021-09-13 21:05:38,440[ERROR][elegram Executor][datesreceivers.DefaultBotSession] - Cannot invoke "org.groupOne.Services.Button.execute(org.telegram.telegrambots.meta.api.objects.Update, org.groupOne.Services.Settings)" because the return value of "org.groupOne.Services.ButtonContainer.retrieveButton(String)" is null
java.lang.NullPointerException: Cannot invoke "org.groupOne.Services.Button.execute(org.telegram.telegrambots.meta.api.objects.Update, org.groupOne.Services.Settings)" because the return value of "org.groupOne.Services.ButtonContainer.retrieveButton(String)" is null
	at org.groupOne.Controller.executeCommand(Controller.java:45)
	at org.groupOne.Controller.onUpdateReceived(Controller.java:41)
	at java.base/java.util.ArrayList.forEach(ArrayList.java:1511)
	at org.telegram.telegrambots.meta.generics.LongPollingBot.onUpdatesReceived(LongPollingBot.java:27)
	at org.telegram.telegrambots.updatesreceivers.DefaultBotSession$HandlerThread.run(DefaultBotSession.java:317)
2021-09-13 21:05:39,769[ERROR][elegram Executor][datesreceivers.DefaultBotSession] - Cannot invoke "org.groupOne.Services.Button.execute(org.telegram.telegrambots.meta.api.objects.Update, org.groupOne.Services.Settings)" because the return value of "org.groupOne.Services.ButtonContainer.retrieveButton(String)" is null
java.lang.NullPointerException: Cannot invoke "org.groupOne.Services.Button.execute(org.telegram.telegrambots.meta.api.objects.Update, org.groupOne.Services.Settings)" because the return value of "org.groupOne.Services.ButtonContainer.retrieveButton(String)" is null
	at org.groupOne.Controller.executeCommand(Controller.java:45)
	at org.groupOne.Controller.onUpdateReceived(Controller.java:41)
	at java.base/java.util.ArrayList.forEach(ArrayList.java:1511)
	at org.telegram.telegrambots.meta.generics.LongPollingBot.onUpdatesReceived(LongPollingBot.java:27)
	at org.telegram.telegrambots.updatesreceivers.DefaultBotSession$HandlerThread.run(DefaultBotSession.java:317)
2021-09-13 21:08:34,461[ERROR][elegram Executor][datesreceivers.DefaultBotSession] - Cannot invoke "org.groupOne.Services.Button.execute(org.telegram.telegrambots.meta.api.objects.Update, org.groupOne.Services.Settings)" because the return value of "org.groupOne.Services.ButtonContainer.retrieveButton(String)" is null
java.lang.NullPointerException: Cannot invoke "org.groupOne.Services.Button.execute(org.telegram.telegrambots.meta.api.objects.Update, org.groupOne.Services.Settings)" because the return value of "org.groupOne.Services.ButtonContainer.retrieveButton(String)" is null
	at org.groupOne.Controller.executeCommand(Controller.java:52)
	at org.groupOne.Controller.onUpdateReceived(Controller.java:48)
	at java.base/java.util.ArrayList.forEach(ArrayList.java:1511)
	at org.telegram.telegrambots.meta.generics.LongPollingBot.onUpdatesReceived(LongPollingBot.java:27)
	at org.telegram.telegrambots.updatesreceivers.DefaultBotSession$HandlerThread.run(DefaultBotSession.java:317)
2021-09-13 21:08:35,123[ERROR][elegram Executor][datesreceivers.DefaultBotSession] - Cannot invoke "org.groupOne.Services.Button.execute(org.telegram.telegrambots.meta.api.objects.Update, org.groupOne.Services.Settings)" because the return value of "org.groupOne.Services.ButtonContainer.retrieveButton(String)" is null
java.lang.NullPointerException: Cannot invoke "org.groupOne.Services.Button.execute(org.telegram.telegrambots.meta.api.objects.Update, org.groupOne.Services.Settings)" because the return value of "org.groupOne.Services.ButtonContainer.retrieveButton(String)" is null
	at org.groupOne.Controller.executeCommand(Controller.java:52)
	at org.groupOne.Controller.onUpdateReceived(Controller.java:48)
	at java.base/java.util.ArrayList.forEach(ArrayList.java:1511)
	at org.telegram.telegrambots.meta.generics.LongPollingBot.onUpdatesReceived(LongPollingBot.java:27)
	at org.telegram.telegrambots.updatesreceivers.DefaultBotSession$HandlerThread.run(DefaultBotSession.java:317)
2021-09-13 21:10:28,766[ERROR][egram Connection][datesreceivers.DefaultBotSession] - Error getting updates: [409] Conflict: terminated by other getUpdates request; make sure that only one bot instance is running
Error getting updates: [409] Conflict: terminated by other getUpdates request; make sure that only one bot instance is running
	at org.telegram.telegrambots.meta.api.methods.updates.GetUpdates.deserializeResponse(GetUpdates.java:93)
	at org.telegram.telegrambots.updatesreceivers.DefaultBotSession$ReaderThread.getUpdatesFromServer(DefaultBotSession.java:260)
	at org.telegram.telegrambots.updatesreceivers.DefaultBotSession$ReaderThread.run(DefaultBotSession.java:189)
2021-09-13 21:10:32,523[ERROR][egram Connection][datesreceivers.DefaultBotSession] - Error getting updates: [409] Conflict: terminated by other getUpdates request; make sure that only one bot instance is running
Error getting updates: [409] Conflict: terminated by other getUpdates request; make sure that only one bot instance is running
	at org.telegram.telegrambots.meta.api.methods.updates.GetUpdates.deserializeResponse(GetUpdates.java:93)
	at org.telegram.telegrambots.updatesreceivers.DefaultBotSession$ReaderThread.getUpdatesFromServer(DefaultBotSession.java:260)
	at org.telegram.telegrambots.updatesreceivers.DefaultBotSession$ReaderThread.run(DefaultBotSession.java:189)
2021-09-13 21:10:33,090[ERROR][egram Connection][datesreceivers.DefaultBotSession] - Error getting updates: [409] Conflict: terminated by other getUpdates request; make sure that only one bot instance is running
Error getting updates: [409] Conflict: terminated by other getUpdates request; make sure that only one bot instance is running
	at org.telegram.telegrambots.meta.api.methods.updates.GetUpdates.deserializeResponse(GetUpdates.java:93)
	at org.telegram.telegrambots.updatesreceivers.DefaultBotSession$ReaderThread.getUpdatesFromServer(DefaultBotSession.java:260)
	at org.telegram.telegrambots.updatesreceivers.DefaultBotSession$ReaderThread.run(DefaultBotSession.java:189)
2021-09-13 21:10:36,649[ERROR][egram Connection][datesreceivers.DefaultBotSession] - Error getting updates: [409] Conflict: terminated by other getUpdates request; make sure that only one bot instance is running
Error getting updates: [409] Conflict: terminated by other getUpdates request; make sure that only one bot instance is running
	at org.telegram.telegrambots.meta.api.methods.updates.GetUpdates.deserializeResponse(GetUpdates.java:93)
	at org.telegram.telegrambots.updatesreceivers.DefaultBotSession$ReaderThread.getUpdatesFromServer(DefaultBotSession.java:260)
	at org.telegram.telegrambots.updatesreceivers.DefaultBotSession$ReaderThread.run(DefaultBotSession.java:189)
2021-09-13 21:10:37,209[ERROR][egram Connection][datesreceivers.DefaultBotSession] - Error getting updates: [409] Conflict: terminated by other getUpdates request; make sure that only one bot instance is running
Error getting updates: [409] Conflict: terminated by other getUpdates request; make sure that only one bot instance is running
	at org.telegram.telegrambots.meta.api.methods.updates.GetUpdates.deserializeResponse(GetUpdates.java:93)
	at org.telegram.telegrambots.updatesreceivers.DefaultBotSession$ReaderThread.getUpdatesFromServer(DefaultBotSession.java:260)
	at org.telegram.telegrambots.updatesreceivers.DefaultBotSession$ReaderThread.run(DefaultBotSession.java:189)
2021-09-13 21:11:27,133[INFO ][main            ][         org.groupOne.Controller] - 1905777974:AAGOt-2svPaZKinr_VsWGK-sirUgfP4V4No
2021-09-13 21:11:27,133[INFO ][main            ][         org.groupOne.Controller] - GO_IT_CurrencyInfo_bot
2021-09-13 21:11:27,149[INFO ][main            ][         org.groupOne.Controller] - 1905777974:AAGOt-2svPaZKinr_VsWGK-sirUgfP4V4No
2021-09-13 21:11:27,711[INFO ][main            ][         org.groupOne.Controller] - 1905777974:AAGOt-2svPaZKinr_VsWGK-sirUgfP4V4No
2021-09-13 21:11:27,711[INFO ][main            ][         org.groupOne.Controller] - GO_IT_CurrencyInfo_bot
2021-09-13 21:11:27,727[INFO ][main            ][         org.groupOne.Controller] - GO_IT_CurrencyInfo_bot
2021-09-13 21:16:58,010[INFO ][main            ][         org.groupOne.Controller] - 1905777974:AAGOt-2svPaZKinr_VsWGK-sirUgfP4V4No
2021-09-13 21:16:58,025[INFO ][main            ][         org.groupOne.Controller] - GO_IT_CurrencyInfo_bot
2021-09-13 21:16:58,027[INFO ][main            ][         org.groupOne.Controller] - 1905777974:AAGOt-2svPaZKinr_VsWGK-sirUgfP4V4No
2021-09-13 21:16:58,724[INFO ][main            ][         org.groupOne.Controller] - 1905777974:AAGOt-2svPaZKinr_VsWGK-sirUgfP4V4No
2021-09-13 21:16:58,727[INFO ][main            ][         org.groupOne.Controller] - GO_IT_CurrencyInfo_bot
2021-09-13 21:16:58,732[INFO ][main            ][         org.groupOne.Controller] - GO_IT_CurrencyInfo_bot
2021-09-13 21:17:02,352[INFO ][elegram Executor][         org.groupOne.Controller] - 1905777974:AAGOt-2svPaZKinr_VsWGK-sirUgfP4V4No
2021-09-13 21:17:06,156[ERROR][elegram Executor][datesreceivers.DefaultBotSession] - Cannot invoke "org.groupOne.Services.Button.execute(org.telegram.telegrambots.meta.api.objects.Update, org.groupOne.Services.Settings)" because the return value of "org.groupOne.Services.ButtonContainer.retrieveButton(String)" is null
java.lang.NullPointerException: Cannot invoke "org.groupOne.Services.Button.execute(org.telegram.telegrambots.meta.api.objects.Update, org.groupOne.Services.Settings)" because the return value of "org.groupOne.Services.ButtonContainer.retrieveButton(String)" is null
	at org.groupOne.Controller.executeCommand(Controller.java:65)
	at org.groupOne.Controller.onUpdateReceived(Controller.java:61)
	at java.base/java.util.ArrayList.forEach(ArrayList.java:1511)
	at org.telegram.telegrambots.meta.generics.LongPollingBot.onUpdatesReceived(LongPollingBot.java:27)
	at org.telegram.telegrambots.updatesreceivers.DefaultBotSession$HandlerThread.run(DefaultBotSession.java:317)
2021-09-13 21:17:06,890[ERROR][elegram Executor][datesreceivers.DefaultBotSession] - Cannot invoke "org.groupOne.Services.Button.execute(org.telegram.telegrambots.meta.api.objects.Update, org.groupOne.Services.Settings)" because the return value of "org.groupOne.Services.ButtonContainer.retrieveButton(String)" is null
java.lang.NullPointerException: Cannot invoke "org.groupOne.Services.Button.execute(org.telegram.telegrambots.meta.api.objects.Update, org.groupOne.Services.Settings)" because the return value of "org.groupOne.Services.ButtonContainer.retrieveButton(String)" is null
	at org.groupOne.Controller.executeCommand(Controller.java:65)
	at org.groupOne.Controller.onUpdateReceived(Controller.java:61)
	at java.base/java.util.ArrayList.forEach(ArrayList.java:1511)
	at org.telegram.telegrambots.meta.generics.LongPollingBot.onUpdatesReceived(LongPollingBot.java:27)
	at org.telegram.telegrambots.updatesreceivers.DefaultBotSession$HandlerThread.run(DefaultBotSession.java:317)
2021-09-13 21:41:41,334[INFO ][main            ][         org.groupOne.Controller] - 1905777974:AAGOt-2svPaZKinr_VsWGK-sirUgfP4V4No
2021-09-13 21:41:41,349[INFO ][main            ][         org.groupOne.Controller] - GO_IT_CurrencyInfo_bot
2021-09-13 21:41:41,353[INFO ][main            ][         org.groupOne.Controller] - 1905777974:AAGOt-2svPaZKinr_VsWGK-sirUgfP4V4No
2021-09-13 21:41:42,037[INFO ][main            ][         org.groupOne.Controller] - 1905777974:AAGOt-2svPaZKinr_VsWGK-sirUgfP4V4No
2021-09-13 21:41:42,040[INFO ][main            ][         org.groupOne.Controller] - GO_IT_CurrencyInfo_bot
2021-09-13 21:41:42,046[INFO ][main            ][         org.groupOne.Controller] - GO_IT_CurrencyInfo_bot
2021-09-13 21:41:46,269[INFO ][elegram Executor][         org.groupOne.Controller] - 1905777974:AAGOt-2svPaZKinr_VsWGK-sirUgfP4V4No
2021-09-13 21:42:45,533[INFO ][main            ][         org.groupOne.Controller] - 1905777974:AAGOt-2svPaZKinr_VsWGK-sirUgfP4V4No
2021-09-13 21:42:45,545[INFO ][main            ][         org.groupOne.Controller] - GO_IT_CurrencyInfo_bot
2021-09-13 21:42:45,549[INFO ][main            ][         org.groupOne.Controller] - 1905777974:AAGOt-2svPaZKinr_VsWGK-sirUgfP4V4No
2021-09-13 21:42:46,302[INFO ][main            ][         org.groupOne.Controller] - 1905777974:AAGOt-2svPaZKinr_VsWGK-sirUgfP4V4No
2021-09-13 21:42:46,305[INFO ][main            ][         org.groupOne.Controller] - GO_IT_CurrencyInfo_bot
2021-09-13 21:42:46,310[INFO ][main            ][         org.groupOne.Controller] - GO_IT_CurrencyInfo_bot
2021-09-13 21:43:03,537[INFO ][main            ][         org.groupOne.Controller] - 1905777974:AAGOt-2svPaZKinr_VsWGK-sirUgfP4V4No
2021-09-13 21:43:03,549[INFO ][main            ][         org.groupOne.Controller] - GO_IT_CurrencyInfo_bot
2021-09-13 21:43:03,552[INFO ][main            ][         org.groupOne.Controller] - 1905777974:AAGOt-2svPaZKinr_VsWGK-sirUgfP4V4No
2021-09-13 21:43:04,169[INFO ][main            ][         org.groupOne.Controller] - 1905777974:AAGOt-2svPaZKinr_VsWGK-sirUgfP4V4No
2021-09-13 21:43:04,171[INFO ][main            ][         org.groupOne.Controller] - GO_IT_CurrencyInfo_bot
2021-09-13 21:43:04,175[INFO ][main            ][         org.groupOne.Controller] - GO_IT_CurrencyInfo_bot
2021-09-13 21:43:06,668[INFO ][elegram Executor][         org.groupOne.Controller] - 1905777974:AAGOt-2svPaZKinr_VsWGK-sirUgfP4V4No
2021-09-13 22:20:23,075[INFO ][main            ][         org.groupOne.Controller] - 1905777974:AAGOt-2svPaZKinr_VsWGK-sirUgfP4V4No
2021-09-13 22:20:23,100[INFO ][main            ][         org.groupOne.Controller] - GO_IT_CurrencyInfo_bot
2021-09-13 22:20:23,103[INFO ][main            ][         org.groupOne.Controller] - 1905777974:AAGOt-2svPaZKinr_VsWGK-sirUgfP4V4No
2021-09-13 22:20:23,736[INFO ][main            ][         org.groupOne.Controller] - 1905777974:AAGOt-2svPaZKinr_VsWGK-sirUgfP4V4No
2021-09-13 22:20:23,744[INFO ][main            ][         org.groupOne.Controller] - GO_IT_CurrencyInfo_bot
2021-09-13 22:20:23,748[INFO ][main            ][         org.groupOne.Controller] - GO_IT_CurrencyInfo_bot
2021-09-13 22:20:30,278[INFO ][elegram Executor][         org.groupOne.Controller] - 1905777974:AAGOt-2svPaZKinr_VsWGK-sirUgfP4V4No
2021-09-13 22:22:55,387[INFO ][main            ][         org.groupOne.Controller] - 1905777974:AAGOt-2svPaZKinr_VsWGK-sirUgfP4V4No
2021-09-13 22:22:55,413[INFO ][main            ][         org.groupOne.Controller] - GO_IT_CurrencyInfo_bot
2021-09-13 22:22:55,416[INFO ][main            ][         org.groupOne.Controller] - 1905777974:AAGOt-2svPaZKinr_VsWGK-sirUgfP4V4No
2021-09-13 22:22:55,988[INFO ][main            ][         org.groupOne.Controller] - 1905777974:AAGOt-2svPaZKinr_VsWGK-sirUgfP4V4No
2021-09-13 22:22:55,992[INFO ][main            ][         org.groupOne.Controller] - GO_IT_CurrencyInfo_bot
2021-09-13 22:22:55,995[INFO ][main            ][         org.groupOne.Controller] - GO_IT_CurrencyInfo_bot
2021-09-13 22:23:08,174[INFO ][elegram Executor][         org.groupOne.Controller] - hasCallbackQuery = false
2021-09-13 22:23:08,176[INFO ][elegram Executor][         org.groupOne.Controller] - 1905777974:AAGOt-2svPaZKinr_VsWGK-sirUgfP4V4No
2021-09-13 22:23:49,289[INFO ][main            ][         org.groupOne.Controller] - 1905777974:AAGOt-2svPaZKinr_VsWGK-sirUgfP4V4No
2021-09-13 22:23:49,302[INFO ][main            ][         org.groupOne.Controller] - GO_IT_CurrencyInfo_bot
2021-09-13 22:23:49,306[INFO ][main            ][         org.groupOne.Controller] - 1905777974:AAGOt-2svPaZKinr_VsWGK-sirUgfP4V4No
2021-09-13 22:23:50,047[INFO ][main            ][         org.groupOne.Controller] - 1905777974:AAGOt-2svPaZKinr_VsWGK-sirUgfP4V4No
2021-09-13 22:23:50,051[INFO ][main            ][         org.groupOne.Controller] - GO_IT_CurrencyInfo_bot
2021-09-13 22:23:50,054[INFO ][main            ][         org.groupOne.Controller] - GO_IT_CurrencyInfo_bot
2021-09-13 22:23:56,323[ERROR][elegram Executor][datesreceivers.DefaultBotSession] - Cannot invoke "org.telegram.telegrambots.meta.api.objects.CallbackQuery.getData()" because the return value of "org.telegram.telegrambots.meta.api.objects.Update.getCallbackQuery()" is null
java.lang.NullPointerException: Cannot invoke "org.telegram.telegrambots.meta.api.objects.CallbackQuery.getData()" because the return value of "org.telegram.telegrambots.meta.api.objects.Update.getCallbackQuery()" is null
	at org.groupOne.Controller.onUpdateReceived(Controller.java:70)
	at java.base/java.util.ArrayList.forEach(ArrayList.java:1511)
	at org.telegram.telegrambots.meta.generics.LongPollingBot.onUpdatesReceived(LongPollingBot.java:27)
	at org.telegram.telegrambots.updatesreceivers.DefaultBotSession$HandlerThread.run(DefaultBotSession.java:317)
2021-09-13 22:24:13,194[ERROR][elegram Executor][datesreceivers.DefaultBotSession] - Cannot invoke "org.telegram.telegrambots.meta.api.objects.CallbackQuery.getData()" because the return value of "org.telegram.telegrambots.meta.api.objects.Update.getCallbackQuery()" is null
java.lang.NullPointerException: Cannot invoke "org.telegram.telegrambots.meta.api.objects.CallbackQuery.getData()" because the return value of "org.telegram.telegrambots.meta.api.objects.Update.getCallbackQuery()" is null
	at org.groupOne.Controller.onUpdateReceived(Controller.java:70)
	at java.base/java.util.ArrayList.forEach(ArrayList.java:1511)
	at org.telegram.telegrambots.meta.generics.LongPollingBot.onUpdatesReceived(LongPollingBot.java:27)
	at org.telegram.telegrambots.updatesreceivers.DefaultBotSession$HandlerThread.run(DefaultBotSession.java:317)
2021-09-13 22:24:42,215[INFO ][main            ][         org.groupOne.Controller] - 1905777974:AAGOt-2svPaZKinr_VsWGK-sirUgfP4V4No
2021-09-13 22:24:42,225[INFO ][main            ][         org.groupOne.Controller] - GO_IT_CurrencyInfo_bot
2021-09-13 22:24:42,229[INFO ][main            ][         org.groupOne.Controller] - 1905777974:AAGOt-2svPaZKinr_VsWGK-sirUgfP4V4No
2021-09-13 22:24:42,858[INFO ][main            ][         org.groupOne.Controller] - 1905777974:AAGOt-2svPaZKinr_VsWGK-sirUgfP4V4No
2021-09-13 22:24:42,862[INFO ][main            ][         org.groupOne.Controller] - GO_IT_CurrencyInfo_bot
2021-09-13 22:24:42,866[INFO ][main            ][         org.groupOne.Controller] - GO_IT_CurrencyInfo_bot
2021-09-13 22:24:47,404[INFO ][elegram Executor][         org.groupOne.Controller] - 1905777974:AAGOt-2svPaZKinr_VsWGK-sirUgfP4V4No
2021-09-13 22:24:47,525[ERROR][elegram Executor][datesreceivers.DefaultBotSession] - Cannot invoke "org.telegram.telegrambots.meta.api.objects.CallbackQuery.getData()" because the return value of "org.telegram.telegrambots.meta.api.objects.Update.getCallbackQuery()" is null
java.lang.NullPointerException: Cannot invoke "org.telegram.telegrambots.meta.api.objects.CallbackQuery.getData()" because the return value of "org.telegram.telegrambots.meta.api.objects.Update.getCallbackQuery()" is null
	at org.groupOne.Controller.onUpdateReceived(Controller.java:71)
	at java.base/java.util.ArrayList.forEach(ArrayList.java:1511)
	at org.telegram.telegrambots.meta.generics.LongPollingBot.onUpdatesReceived(LongPollingBot.java:27)
	at org.telegram.telegrambots.updatesreceivers.DefaultBotSession$HandlerThread.run(DefaultBotSession.java:317)
2021-09-13 22:29:35,338[INFO ][main            ][         org.groupOne.Controller] - 1905777974:AAGOt-2svPaZKinr_VsWGK-sirUgfP4V4No
2021-09-13 22:29:35,352[INFO ][main            ][         org.groupOne.Controller] - GO_IT_CurrencyInfo_bot
2021-09-13 22:29:35,355[INFO ][main            ][         org.groupOne.Controller] - 1905777974:AAGOt-2svPaZKinr_VsWGK-sirUgfP4V4No
2021-09-13 22:29:36,031[INFO ][main            ][         org.groupOne.Controller] - 1905777974:AAGOt-2svPaZKinr_VsWGK-sirUgfP4V4No
2021-09-13 22:29:36,034[INFO ][main            ][         org.groupOne.Controller] - GO_IT_CurrencyInfo_bot
2021-09-13 22:29:36,037[INFO ][main            ][         org.groupOne.Controller] - GO_IT_CurrencyInfo_bot
2021-09-13 22:29:41,424[INFO ][elegram Executor][         org.groupOne.Controller] - 1905777974:AAGOt-2svPaZKinr_VsWGK-sirUgfP4V4No
2021-09-13 22:29:41,538[ERROR][elegram Executor][datesreceivers.DefaultBotSession] - Cannot invoke "org.telegram.telegrambots.meta.api.objects.CallbackQuery.getData()" because the return value of "org.telegram.telegrambots.meta.api.objects.Update.getCallbackQuery()" is null
java.lang.NullPointerException: Cannot invoke "org.telegram.telegrambots.meta.api.objects.CallbackQuery.getData()" because the return value of "org.telegram.telegrambots.meta.api.objects.Update.getCallbackQuery()" is null
	at org.groupOne.Controller.onUpdateReceived(Controller.java:71)
	at java.base/java.util.ArrayList.forEach(ArrayList.java:1511)
	at org.telegram.telegrambots.meta.generics.LongPollingBot.onUpdatesReceived(LongPollingBot.java:27)
	at org.telegram.telegrambots.updatesreceivers.DefaultBotSession$HandlerThread.run(DefaultBotSession.java:317)
2021-09-13 22:35:00,730[INFO ][main            ][         org.groupOne.Controller] - 1905777974:AAGOt-2svPaZKinr_VsWGK-sirUgfP4V4No
2021-09-13 22:35:00,739[INFO ][main            ][         org.groupOne.Controller] - GO_IT_CurrencyInfo_bot
2021-09-13 22:35:00,742[INFO ][main            ][         org.groupOne.Controller] - 1905777974:AAGOt-2svPaZKinr_VsWGK-sirUgfP4V4No
2021-09-13 22:35:01,328[INFO ][main            ][         org.groupOne.Controller] - 1905777974:AAGOt-2svPaZKinr_VsWGK-sirUgfP4V4No
2021-09-13 22:35:01,331[INFO ][main            ][         org.groupOne.Controller] - GO_IT_CurrencyInfo_bot
2021-09-13 22:35:01,333[INFO ][main            ][         org.groupOne.Controller] - GO_IT_CurrencyInfo_bot
2021-09-13 22:35:18,196[INFO ][elegram Executor][         org.groupOne.Controller] - 1905777974:AAGOt-2svPaZKinr_VsWGK-sirUgfP4V4No
2021-09-13 22:35:18,295[ERROR][elegram Executor][datesreceivers.DefaultBotSession] - Cannot invoke "org.telegram.telegrambots.meta.api.objects.CallbackQuery.getData()" because the return value of "org.telegram.telegrambots.meta.api.objects.Update.getCallbackQuery()" is null
java.lang.NullPointerException: Cannot invoke "org.telegram.telegrambots.meta.api.objects.CallbackQuery.getData()" because the return value of "org.telegram.telegrambots.meta.api.objects.Update.getCallbackQuery()" is null
	at org.groupOne.Controller.onUpdateReceived(Controller.java:71)
	at java.base/java.util.ArrayList.forEach(ArrayList.java:1511)
	at org.telegram.telegrambots.meta.generics.LongPollingBot.onUpdatesReceived(LongPollingBot.java:27)
	at org.telegram.telegrambots.updatesreceivers.DefaultBotSession$HandlerThread.run(DefaultBotSession.java:317)
2021-09-13 22:38:50,625[INFO ][main            ][         org.groupOne.Controller] - 1905777974:AAGOt-2svPaZKinr_VsWGK-sirUgfP4V4No
2021-09-13 22:38:50,658[INFO ][main            ][         org.groupOne.Controller] - GO_IT_CurrencyInfo_bot
2021-09-13 22:38:50,662[INFO ][main            ][         org.groupOne.Controller] - 1905777974:AAGOt-2svPaZKinr_VsWGK-sirUgfP4V4No
2021-09-13 22:38:51,275[INFO ][main            ][         org.groupOne.Controller] - 1905777974:AAGOt-2svPaZKinr_VsWGK-sirUgfP4V4No
2021-09-13 22:38:51,280[INFO ][main            ][         org.groupOne.Controller] - GO_IT_CurrencyInfo_bot
2021-09-13 22:38:51,282[INFO ][main            ][         org.groupOne.Controller] - GO_IT_CurrencyInfo_bot
2021-09-13 22:38:55,761[INFO ][elegram Executor][         org.groupOne.Controller] - 1905777974:AAGOt-2svPaZKinr_VsWGK-sirUgfP4V4No
2021-09-13 22:38:55,850[INFO ][elegram Executor][         org.groupOne.Controller] - command1 = /start
2021-09-13 22:51:37,834[INFO ][main            ][         org.groupOne.Controller] - 1905777974:AAGOt-2svPaZKinr_VsWGK-sirUgfP4V4No
2021-09-13 22:51:37,849[INFO ][main            ][         org.groupOne.Controller] - GO_IT_CurrencyInfo_bot
2021-09-13 22:51:37,852[INFO ][main            ][         org.groupOne.Controller] - 1905777974:AAGOt-2svPaZKinr_VsWGK-sirUgfP4V4No
2021-09-13 22:51:38,565[INFO ][main            ][         org.groupOne.Controller] - 1905777974:AAGOt-2svPaZKinr_VsWGK-sirUgfP4V4No
2021-09-13 22:51:38,569[INFO ][main            ][         org.groupOne.Controller] - GO_IT_CurrencyInfo_bot
2021-09-13 22:51:38,572[INFO ][main            ][         org.groupOne.Controller] - GO_IT_CurrencyInfo_bot
2021-09-13 22:53:01,522[INFO ][main            ][         org.groupOne.Controller] - 1905777974:AAGOt-2svPaZKinr_VsWGK-sirUgfP4V4No
2021-09-13 22:53:01,532[INFO ][main            ][         org.groupOne.Controller] - GO_IT_CurrencyInfo_bot
2021-09-13 22:53:01,535[INFO ][main            ][         org.groupOne.Controller] - 1905777974:AAGOt-2svPaZKinr_VsWGK-sirUgfP4V4No
2021-09-13 22:53:02,260[INFO ][main            ][         org.groupOne.Controller] - 1905777974:AAGOt-2svPaZKinr_VsWGK-sirUgfP4V4No
2021-09-13 22:53:02,265[INFO ][main            ][         org.groupOne.Controller] - GO_IT_CurrencyInfo_bot
2021-09-13 22:53:02,270[INFO ][main            ][         org.groupOne.Controller] - GO_IT_CurrencyInfo_bot
2021-09-13 22:53:17,226[INFO ][elegram Executor][         org.groupOne.Controller] - 1905777974:AAGOt-2svPaZKinr_VsWGK-sirUgfP4V4No
2021-09-13 22:53:17,340[INFO ][elegram Executor][         org.groupOne.Controller] - command1 = /start
2021-09-13 22:55:49,956[INFO ][main            ][         org.groupOne.Controller] - 1905777974:AAGOt-2svPaZKinr_VsWGK-sirUgfP4V4No
2021-09-13 22:55:49,972[INFO ][main            ][         org.groupOne.Controller] - GO_IT_CurrencyInfo_bot
2021-09-13 22:55:49,976[INFO ][main            ][         org.groupOne.Controller] - 1905777974:AAGOt-2svPaZKinr_VsWGK-sirUgfP4V4No
2021-09-13 22:55:50,648[INFO ][main            ][         org.groupOne.Controller] - 1905777974:AAGOt-2svPaZKinr_VsWGK-sirUgfP4V4No
2021-09-13 22:55:50,652[INFO ][main            ][         org.groupOne.Controller] - GO_IT_CurrencyInfo_bot
2021-09-13 22:55:50,658[INFO ][main            ][         org.groupOne.Controller] - GO_IT_CurrencyInfo_bot
2021-09-13 22:55:57,822[INFO ][elegram Executor][         org.groupOne.Controller] - 1905777974:AAGOt-2svPaZKinr_VsWGK-sirUgfP4V4No
2021-09-13 22:55:58,033[INFO ][elegram Executor][         org.groupOne.Controller] - command1 = /start
2021-09-13 22:56:46,630[INFO ][main            ][         org.groupOne.Controller] - 1905777974:AAGOt-2svPaZKinr_VsWGK-sirUgfP4V4No
2021-09-13 22:56:46,645[INFO ][main            ][         org.groupOne.Controller] - GO_IT_CurrencyInfo_bot
2021-09-13 22:56:46,648[INFO ][main            ][         org.groupOne.Controller] - 1905777974:AAGOt-2svPaZKinr_VsWGK-sirUgfP4V4No
2021-09-13 22:56:47,266[INFO ][main            ][         org.groupOne.Controller] - 1905777974:AAGOt-2svPaZKinr_VsWGK-sirUgfP4V4No
2021-09-13 22:56:47,269[INFO ][main            ][         org.groupOne.Controller] - GO_IT_CurrencyInfo_bot
2021-09-13 22:56:47,271[INFO ][main            ][         org.groupOne.Controller] - GO_IT_CurrencyInfo_bot
2021-09-13 22:57:02,664[INFO ][elegram Executor][         org.groupOne.Controller] - 1905777974:AAGOt-2svPaZKinr_VsWGK-sirUgfP4V4No
2021-09-13 22:57:02,782[INFO ][elegram Executor][         org.groupOne.Controller] - command1 = /start
2021-09-13 22:57:48,521[INFO ][main            ][         org.groupOne.Controller] - 1905777974:AAGOt-2svPaZKinr_VsWGK-sirUgfP4V4No
2021-09-13 22:57:48,537[INFO ][main            ][         org.groupOne.Controller] - GO_IT_CurrencyInfo_bot
2021-09-13 22:57:48,539[INFO ][main            ][         org.groupOne.Controller] - 1905777974:AAGOt-2svPaZKinr_VsWGK-sirUgfP4V4No
2021-09-13 22:57:49,195[INFO ][main            ][         org.groupOne.Controller] - 1905777974:AAGOt-2svPaZKinr_VsWGK-sirUgfP4V4No
2021-09-13 22:57:49,198[INFO ][main            ][         org.groupOne.Controller] - GO_IT_CurrencyInfo_bot
2021-09-13 22:57:49,202[INFO ][main            ][         org.groupOne.Controller] - GO_IT_CurrencyInfo_bot
2021-09-13 22:57:57,216[INFO ][elegram Executor][         org.groupOne.Controller] - 1905777974:AAGOt-2svPaZKinr_VsWGK-sirUgfP4V4No
2021-09-13 22:57:57,310[INFO ][elegram Executor][         org.groupOne.Controller] - command1 = /start
2021-09-13 22:59:34,254[INFO ][main            ][         org.groupOne.Controller] - 1905777974:AAGOt-2svPaZKinr_VsWGK-sirUgfP4V4No
2021-09-13 22:59:34,268[INFO ][main            ][         org.groupOne.Controller] - GO_IT_CurrencyInfo_bot
2021-09-13 22:59:34,271[INFO ][main            ][         org.groupOne.Controller] - 1905777974:AAGOt-2svPaZKinr_VsWGK-sirUgfP4V4No
2021-09-13 22:59:34,860[INFO ][main            ][         org.groupOne.Controller] - 1905777974:AAGOt-2svPaZKinr_VsWGK-sirUgfP4V4No
2021-09-13 22:59:34,862[INFO ][main            ][         org.groupOne.Controller] - GO_IT_CurrencyInfo_bot
2021-09-13 22:59:34,865[INFO ][main            ][         org.groupOne.Controller] - GO_IT_CurrencyInfo_bot
2021-09-13 22:59:43,889[INFO ][elegram Executor][         org.groupOne.Controller] - 1905777974:AAGOt-2svPaZKinr_VsWGK-sirUgfP4V4No
2021-09-13 22:59:44,008[INFO ][elegram Executor][         org.groupOne.Controller] - command1 = /start
2021-09-13 22:59:44,009[INFO ][elegram Executor][         org.groupOne.Controller] - get text = /start
2021-09-13 23:06:06,822[INFO ][main            ][         org.groupOne.Controller] - 1905777974:AAGOt-2svPaZKinr_VsWGK-sirUgfP4V4No
2021-09-13 23:06:06,843[INFO ][main            ][         org.groupOne.Controller] - GO_IT_CurrencyInfo_bot
2021-09-13 23:06:06,846[INFO ][main            ][         org.groupOne.Controller] - 1905777974:AAGOt-2svPaZKinr_VsWGK-sirUgfP4V4No
2021-09-13 23:06:07,482[INFO ][main            ][         org.groupOne.Controller] - 1905777974:AAGOt-2svPaZKinr_VsWGK-sirUgfP4V4No
2021-09-13 23:06:07,486[INFO ][main            ][         org.groupOne.Controller] - GO_IT_CurrencyInfo_bot
2021-09-13 23:06:07,488[INFO ][main            ][         org.groupOne.Controller] - GO_IT_CurrencyInfo_bot
2021-09-13 23:06:18,843[INFO ][elegram Executor][         org.groupOne.Controller] - 1905777974:AAGOt-2svPaZKinr_VsWGK-sirUgfP4V4No
2021-09-13 23:06:18,950[INFO ][elegram Executor][         org.groupOne.Controller] - command1 = /start
2021-09-13 23:09:21,506[INFO ][main            ][         org.groupOne.Controller] - 1905777974:AAGOt-2svPaZKinr_VsWGK-sirUgfP4V4No
2021-09-13 23:09:21,522[INFO ][main            ][         org.groupOne.Controller] - GO_IT_CurrencyInfo_bot
2021-09-13 23:09:21,525[INFO ][main            ][         org.groupOne.Controller] - 1905777974:AAGOt-2svPaZKinr_VsWGK-sirUgfP4V4No
2021-09-13 23:09:22,166[INFO ][main            ][         org.groupOne.Controller] - 1905777974:AAGOt-2svPaZKinr_VsWGK-sirUgfP4V4No
2021-09-13 23:09:22,169[INFO ][main            ][         org.groupOne.Controller] - GO_IT_CurrencyInfo_bot
2021-09-13 23:09:22,171[INFO ][main            ][         org.groupOne.Controller] - GO_IT_CurrencyInfo_bot
2021-09-13 23:09:28,996[INFO ][elegram Executor][         org.groupOne.Controller] - command1 = /start
2021-09-13 23:09:28,997[INFO ][elegram Executor][         org.groupOne.Controller] - 1905777974:AAGOt-2svPaZKinr_VsWGK-sirUgfP4V4No
2021-09-13 23:14:51,555[INFO ][main            ][         org.groupOne.Controller] - 1905777974:AAGOt-2svPaZKinr_VsWGK-sirUgfP4V4No
2021-09-13 23:14:51,565[INFO ][main            ][         org.groupOne.Controller] - GO_IT_CurrencyInfo_bot
2021-09-13 23:14:51,567[INFO ][main            ][         org.groupOne.Controller] - 1905777974:AAGOt-2svPaZKinr_VsWGK-sirUgfP4V4No
2021-09-13 23:14:52,189[INFO ][main            ][         org.groupOne.Controller] - 1905777974:AAGOt-2svPaZKinr_VsWGK-sirUgfP4V4No
2021-09-13 23:14:52,193[INFO ][main            ][         org.groupOne.Controller] - GO_IT_CurrencyInfo_bot
2021-09-13 23:14:52,197[INFO ][main            ][         org.groupOne.Controller] - GO_IT_CurrencyInfo_bot
2021-09-13 23:14:58,854[INFO ][elegram Executor][         org.groupOne.Controller] - 1905777974:AAGOt-2svPaZKinr_VsWGK-sirUgfP4V4No
2021-09-13 23:14:58,958[INFO ][elegram Executor][         org.groupOne.Controller] - command1 = /start
2021-09-13 23:14:58,959[INFO ][elegram Executor][         org.groupOne.Controller] - 1905777974:AAGOt-2svPaZKinr_VsWGK-sirUgfP4V4No
2021-09-13 23:16:07,150[INFO ][main            ][         org.groupOne.Controller] - 1905777974:AAGOt-2svPaZKinr_VsWGK-sirUgfP4V4No
2021-09-13 23:16:07,174[INFO ][main            ][         org.groupOne.Controller] - GO_IT_CurrencyInfo_bot
2021-09-13 23:16:07,177[INFO ][main            ][         org.groupOne.Controller] - 1905777974:AAGOt-2svPaZKinr_VsWGK-sirUgfP4V4No
2021-09-13 23:16:07,826[INFO ][main            ][         org.groupOne.Controller] - 1905777974:AAGOt-2svPaZKinr_VsWGK-sirUgfP4V4No
2021-09-13 23:16:07,829[INFO ][main            ][         org.groupOne.Controller] - GO_IT_CurrencyInfo_bot
2021-09-13 23:16:07,832[INFO ][main            ][         org.groupOne.Controller] - GO_IT_CurrencyInfo_bot
2021-09-13 23:16:14,847[INFO ][elegram Executor][         org.groupOne.Controller] - 1905777974:AAGOt-2svPaZKinr_VsWGK-sirUgfP4V4No
2021-09-13 23:16:14,935[INFO ][elegram Executor][         org.groupOne.Controller] - command1 = /start
